mode: set
github.com/ace-platform/margin-engine/cmd/margin-engine/main.go:22.35,25.2 2 0
github.com/ace-platform/margin-engine/cmd/margin-engine/main.go:30.80,33.2 1 0
github.com/ace-platform/margin-engine/cmd/margin-engine/main.go:35.13,46.54 8 0
github.com/ace-platform/margin-engine/cmd/margin-engine/main.go:46.54,50.3 1 0
github.com/ace-platform/margin-engine/cmd/margin-engine/main.go:52.2,52.55 1 0
github.com/ace-platform/margin-engine/cmd/margin-engine/main.go:52.55,55.3 1 0
github.com/ace-platform/margin-engine/cmd/margin-engine/main.go:57.2,59.12 2 0
github.com/ace-platform/margin-engine/cmd/margin-engine/main.go:59.12,60.49 1 0
github.com/ace-platform/margin-engine/cmd/margin-engine/main.go:60.49,62.4 1 0
github.com/ace-platform/margin-engine/cmd/margin-engine/main.go:65.2,66.16 2 0
github.com/ace-platform/margin-engine/cmd/margin-engine/main.go:66.16,68.3 1 0
github.com/ace-platform/margin-engine/cmd/margin-engine/main.go:70.2,78.13 7 0
github.com/ace-platform/margin-engine/internal/engine/engine.go:53.11,61.2 1 1
github.com/ace-platform/margin-engine/internal/engine/engine.go:64.52,66.2 1 1
github.com/ace-platform/margin-engine/internal/engine/engine.go:69.60,71.2 1 1
github.com/ace-platform/margin-engine/internal/engine/engine.go:74.116,81.16 5 1
github.com/ace-platform/margin-engine/internal/engine/engine.go:81.16,83.3 1 1
github.com/ace-platform/margin-engine/internal/engine/engine.go:86.2,89.28 3 1
github.com/ace-platform/margin-engine/internal/engine/engine.go:89.28,91.3 1 1
github.com/ace-platform/margin-engine/internal/engine/engine.go:94.2,95.16 2 1
github.com/ace-platform/margin-engine/internal/engine/engine.go:95.16,97.3 1 0
github.com/ace-platform/margin-engine/internal/engine/engine.go:98.2,100.17 2 1
github.com/ace-platform/margin-engine/internal/engine/engine.go:104.89,109.9 4 1
github.com/ace-platform/margin-engine/internal/engine/engine.go:109.9,111.3 1 1
github.com/ace-platform/margin-engine/internal/engine/engine.go:112.2,112.18 1 1
github.com/ace-platform/margin-engine/internal/engine/engine.go:116.85,118.2 1 1
github.com/ace-platform/margin-engine/internal/engine/engine.go:121.63,123.2 1 1
github.com/ace-platform/margin-engine/internal/engine/engine.go:126.67,128.2 1 1
github.com/ace-platform/margin-engine/internal/engine/engine.go:132.82,134.2 1 1
github.com/ace-platform/margin-engine/internal/engine/engine.go:137.60,139.2 1 1
github.com/ace-platform/margin-engine/internal/engine/engine.go:142.48,144.2 1 1
github.com/ace-platform/margin-engine/internal/types/decimal.go:18.56,20.2 1 1
github.com/ace-platform/margin-engine/internal/types/decimal.go:22.38,24.2 1 1
github.com/ace-platform/margin-engine/internal/types/decimal.go:26.28,28.2 1 1
github.com/ace-platform/margin-engine/internal/types/decimal.go:30.40,32.2 1 0
github.com/ace-platform/margin-engine/internal/types/decimal.go:34.46,36.13 2 0
github.com/ace-platform/margin-engine/internal/types/decimal.go:36.13,38.3 1 0
github.com/ace-platform/margin-engine/internal/types/decimal.go:40.2,41.31 2 0
github.com/ace-platform/margin-engine/internal/types/decimal.go:41.31,44.3 2 0
github.com/ace-platform/margin-engine/internal/types/decimal.go:46.2,48.16 3 0
github.com/ace-platform/margin-engine/internal/types/decimal.go:48.16,50.3 1 0
github.com/ace-platform/margin-engine/internal/types/decimal.go:52.2,53.21 2 0
github.com/ace-platform/margin-engine/internal/types/decimal.go:53.21,55.23 2 0
github.com/ace-platform/margin-engine/internal/types/decimal.go:55.23,57.4 1 0
github.com/ace-platform/margin-engine/internal/types/decimal.go:58.3,58.24 1 0
github.com/ace-platform/margin-engine/internal/types/decimal.go:58.24,60.4 1 0
github.com/ace-platform/margin-engine/internal/types/decimal.go:61.3,62.17 2 0
github.com/ace-platform/margin-engine/internal/types/decimal.go:62.17,64.4 1 0
github.com/ace-platform/margin-engine/internal/types/decimal.go:67.2,68.14 2 0
github.com/ace-platform/margin-engine/internal/types/decimal.go:68.14,70.3 1 0
github.com/ace-platform/margin-engine/internal/types/decimal.go:71.2,71.33 1 0
github.com/ace-platform/margin-engine/internal/types/decimal.go:74.34,74.52 1 0
github.com/ace-platform/margin-engine/internal/types/decimal.go:75.34,75.57 1 1
github.com/ace-platform/margin-engine/internal/types/decimal.go:76.34,76.56 1 1
github.com/ace-platform/margin-engine/internal/types/decimal.go:77.35,77.70 1 1
github.com/ace-platform/margin-engine/internal/types/decimal.go:79.45,81.2 1 1
github.com/ace-platform/margin-engine/internal/types/decimal.go:83.45,85.2 1 1
github.com/ace-platform/margin-engine/internal/types/decimal.go:87.46,89.2 1 1
github.com/ace-platform/margin-engine/internal/types/decimal.go:91.48,93.2 1 0
github.com/ace-platform/margin-engine/internal/types/decimal.go:97.52,99.2 1 1
github.com/ace-platform/margin-engine/internal/types/decimal.go:102.50,103.18 1 0
github.com/ace-platform/margin-engine/internal/types/decimal.go:103.18,105.3 1 0
github.com/ace-platform/margin-engine/internal/types/decimal.go:106.2,106.42 1 0
github.com/ace-platform/margin-engine/internal/types/decimal.go:109.32,110.17 1 0
github.com/ace-platform/margin-engine/internal/types/decimal.go:110.17,112.3 1 0
github.com/ace-platform/margin-engine/internal/types/decimal.go:113.2,113.10 1 0
github.com/ace-platform/margin-engine/internal/types/decimal.go:116.41,117.27 1 0
github.com/ace-platform/margin-engine/internal/types/decimal.go:117.27,119.3 1 0
github.com/ace-platform/margin-engine/internal/types/decimal.go:120.2,120.27 1 0
github.com/ace-platform/margin-engine/internal/types/decimal.go:120.27,122.3 1 0
github.com/ace-platform/margin-engine/internal/types/decimal.go:123.2,123.10 1 0
github.com/ace-platform/margin-engine/internal/types/decimal.go:126.50,126.82 1 0
github.com/ace-platform/margin-engine/internal/types/decimal.go:127.51,127.83 1 1
github.com/ace-platform/margin-engine/internal/types/decimal.go:128.51,128.84 1 1
github.com/ace-platform/margin-engine/internal/types/decimal.go:131.45,132.28 1 0
github.com/ace-platform/margin-engine/internal/types/decimal.go:132.28,134.3 1 0
github.com/ace-platform/margin-engine/internal/types/decimal.go:135.2,135.14 1 0
github.com/ace-platform/margin-engine/internal/types/decimal.go:138.34,141.14 3 0
github.com/ace-platform/margin-engine/internal/types/decimal.go:141.14,143.3 1 0
github.com/ace-platform/margin-engine/internal/types/decimal.go:144.2,148.14 4 0
github.com/ace-platform/margin-engine/internal/types/decimal.go:148.14,150.3 1 0
github.com/ace-platform/margin-engine/internal/types/decimal.go:151.2,151.19 1 0
github.com/ace-platform/margin-engine/internal/types/decimal.go:151.19,153.3 1 0
github.com/ace-platform/margin-engine/internal/types/decimal.go:154.2,156.55 3 0
github.com/ace-platform/margin-engine/internal/types/margin.go:13.31,14.18 1 0
github.com/ace-platform/margin-engine/internal/types/margin.go:14.18,16.3 1 0
github.com/ace-platform/margin-engine/internal/types/margin.go:17.2,17.15 1 0
github.com/ace-platform/margin-engine/internal/types/margin.go:40.43,41.11 1 0
github.com/ace-platform/margin-engine/internal/types/margin.go:42.25,43.19 1 0
github.com/ace-platform/margin-engine/internal/types/margin.go:44.24,45.18 1 0
github.com/ace-platform/margin-engine/internal/types/margin.go:46.27,47.21 1 0
github.com/ace-platform/margin-engine/internal/types/margin.go:48.26,49.20 1 0
github.com/ace-platform/margin-engine/internal/types/margin.go:50.10,51.19 1 0
github.com/ace-platform/margin-engine/internal/margin/calculator.go:17.58,22.2 1 1
github.com/ace-platform/margin-engine/internal/margin/calculator.go:25.85,27.16 2 1
github.com/ace-platform/margin-engine/internal/margin/calculator.go:27.16,29.3 1 1
github.com/ace-platform/margin-engine/internal/margin/calculator.go:32.2,36.24 3 1
github.com/ace-platform/margin-engine/internal/margin/calculator.go:36.24,40.3 2 1
github.com/ace-platform/margin-engine/internal/margin/calculator.go:44.2,53.27 4 1
github.com/ace-platform/margin-engine/internal/margin/calculator.go:53.27,55.3 1 0
github.com/ace-platform/margin-engine/internal/margin/calculator.go:57.2,69.8 1 1
github.com/ace-platform/margin-engine/internal/margin/calculator.go:73.148,85.32 6 1
github.com/ace-platform/margin-engine/internal/margin/calculator.go:85.32,86.27 1 1
github.com/ace-platform/margin-engine/internal/margin/calculator.go:86.27,87.12 1 1
github.com/ace-platform/margin-engine/internal/margin/calculator.go:89.3,90.17 2 1
github.com/ace-platform/margin-engine/internal/margin/calculator.go:90.17,92.4 1 0
github.com/ace-platform/margin-engine/internal/margin/calculator.go:93.3,96.55 4 1
github.com/ace-platform/margin-engine/internal/margin/calculator.go:99.2,104.16 5 1
github.com/ace-platform/margin-engine/internal/margin/calculator.go:107.27,108.11 1 1
github.com/ace-platform/margin-engine/internal/margin/calculator.go:108.11,110.3 1 1
github.com/ace-platform/margin-engine/internal/margin/calculator.go:111.2,111.10 1 1
github.com/ace-platform/margin-engine/internal/types/decimal.go:18.56,20.2 1 1
github.com/ace-platform/margin-engine/internal/types/decimal.go:22.38,24.2 1 1
github.com/ace-platform/margin-engine/internal/types/decimal.go:26.28,28.2 1 1
github.com/ace-platform/margin-engine/internal/types/decimal.go:30.40,32.2 1 0
github.com/ace-platform/margin-engine/internal/types/decimal.go:34.46,36.13 2 0
github.com/ace-platform/margin-engine/internal/types/decimal.go:36.13,38.3 1 0
github.com/ace-platform/margin-engine/internal/types/decimal.go:40.2,41.31 2 0
github.com/ace-platform/margin-engine/internal/types/decimal.go:41.31,44.3 2 0
github.com/ace-platform/margin-engine/internal/types/decimal.go:46.2,48.16 3 0
github.com/ace-platform/margin-engine/internal/types/decimal.go:48.16,50.3 1 0
github.com/ace-platform/margin-engine/internal/types/decimal.go:52.2,53.21 2 0
github.com/ace-platform/margin-engine/internal/types/decimal.go:53.21,55.23 2 0
github.com/ace-platform/margin-engine/internal/types/decimal.go:55.23,57.4 1 0
github.com/ace-platform/margin-engine/internal/types/decimal.go:58.3,58.24 1 0
github.com/ace-platform/margin-engine/internal/types/decimal.go:58.24,60.4 1 0
github.com/ace-platform/margin-engine/internal/types/decimal.go:61.3,62.17 2 0
github.com/ace-platform/margin-engine/internal/types/decimal.go:62.17,64.4 1 0
github.com/ace-platform/margin-engine/internal/types/decimal.go:67.2,68.14 2 0
github.com/ace-platform/margin-engine/internal/types/decimal.go:68.14,70.3 1 0
github.com/ace-platform/margin-engine/internal/types/decimal.go:71.2,71.33 1 0
github.com/ace-platform/margin-engine/internal/types/decimal.go:74.34,74.52 1 0
github.com/ace-platform/margin-engine/internal/types/decimal.go:75.34,75.57 1 1
github.com/ace-platform/margin-engine/internal/types/decimal.go:76.34,76.56 1 1
github.com/ace-platform/margin-engine/internal/types/decimal.go:77.35,77.70 1 1
github.com/ace-platform/margin-engine/internal/types/decimal.go:79.45,81.2 1 1
github.com/ace-platform/margin-engine/internal/types/decimal.go:83.45,85.2 1 1
github.com/ace-platform/margin-engine/internal/types/decimal.go:87.46,89.2 1 1
github.com/ace-platform/margin-engine/internal/types/decimal.go:91.48,93.2 1 0
github.com/ace-platform/margin-engine/internal/types/decimal.go:97.52,99.2 1 1
github.com/ace-platform/margin-engine/internal/types/decimal.go:102.50,103.18 1 0
github.com/ace-platform/margin-engine/internal/types/decimal.go:103.18,105.3 1 0
github.com/ace-platform/margin-engine/internal/types/decimal.go:106.2,106.42 1 0
github.com/ace-platform/margin-engine/internal/types/decimal.go:109.32,110.17 1 0
github.com/ace-platform/margin-engine/internal/types/decimal.go:110.17,112.3 1 0
github.com/ace-platform/margin-engine/internal/types/decimal.go:113.2,113.10 1 0
github.com/ace-platform/margin-engine/internal/types/decimal.go:116.41,117.27 1 0
github.com/ace-platform/margin-engine/internal/types/decimal.go:117.27,119.3 1 0
github.com/ace-platform/margin-engine/internal/types/decimal.go:120.2,120.27 1 0
github.com/ace-platform/margin-engine/internal/types/decimal.go:120.27,122.3 1 0
github.com/ace-platform/margin-engine/internal/types/decimal.go:123.2,123.10 1 0
github.com/ace-platform/margin-engine/internal/types/decimal.go:126.50,126.82 1 0
github.com/ace-platform/margin-engine/internal/types/decimal.go:127.51,127.83 1 1
github.com/ace-platform/margin-engine/internal/types/decimal.go:128.51,128.84 1 1
github.com/ace-platform/margin-engine/internal/types/decimal.go:131.45,132.28 1 0
github.com/ace-platform/margin-engine/internal/types/decimal.go:132.28,134.3 1 0
github.com/ace-platform/margin-engine/internal/types/decimal.go:135.2,135.14 1 0
github.com/ace-platform/margin-engine/internal/types/decimal.go:138.34,141.14 3 0
github.com/ace-platform/margin-engine/internal/types/decimal.go:141.14,143.3 1 0
github.com/ace-platform/margin-engine/internal/types/decimal.go:144.2,148.14 4 0
github.com/ace-platform/margin-engine/internal/types/decimal.go:148.14,150.3 1 0
github.com/ace-platform/margin-engine/internal/types/decimal.go:151.2,151.19 1 0
github.com/ace-platform/margin-engine/internal/types/decimal.go:151.19,153.3 1 0
github.com/ace-platform/margin-engine/internal/types/decimal.go:154.2,156.55 3 0
github.com/ace-platform/margin-engine/internal/types/margin.go:13.31,14.18 1 0
github.com/ace-platform/margin-engine/internal/types/margin.go:14.18,16.3 1 0
github.com/ace-platform/margin-engine/internal/types/margin.go:17.2,17.15 1 0
github.com/ace-platform/margin-engine/internal/types/margin.go:40.43,41.11 1 0
github.com/ace-platform/margin-engine/internal/types/margin.go:42.25,43.19 1 0
github.com/ace-platform/margin-engine/internal/types/margin.go:44.24,45.18 1 0
github.com/ace-platform/margin-engine/internal/types/margin.go:46.27,47.21 1 0
github.com/ace-platform/margin-engine/internal/types/margin.go:48.26,49.20 1 0
github.com/ace-platform/margin-engine/internal/types/margin.go:50.10,51.19 1 0
github.com/ace-platform/margin-engine/internal/margincall/service.go:29.69,36.2 1 1
github.com/ace-platform/margin-engine/internal/margincall/service.go:39.45,41.2 1 1
github.com/ace-platform/margin-engine/internal/margincall/service.go:44.81,48.30 3 1
github.com/ace-platform/margin-engine/internal/margincall/service.go:48.30,51.3 1 1
github.com/ace-platform/margin-engine/internal/margincall/service.go:54.2,55.17 2 1
github.com/ace-platform/margin-engine/internal/margincall/service.go:58.90,62.52 2 1
github.com/ace-platform/margin-engine/internal/margincall/service.go:62.52,69.3 5 1
github.com/ace-platform/margin-engine/internal/margincall/service.go:72.2,87.22 5 1
github.com/ace-platform/margin-engine/internal/margincall/service.go:87.22,89.3 1 1
github.com/ace-platform/margin-engine/internal/margincall/service.go:91.2,91.18 1 1
github.com/ace-platform/margin-engine/internal/margincall/service.go:94.53,96.9 2 1
github.com/ace-platform/margin-engine/internal/margincall/service.go:96.9,98.3 1 1
github.com/ace-platform/margin-engine/internal/margincall/service.go:100.2,103.33 4 1
github.com/ace-platform/margin-engine/internal/margincall/service.go:107.68,112.46 4 1
github.com/ace-platform/margin-engine/internal/margincall/service.go:112.46,114.31 2 1
github.com/ace-platform/margin-engine/internal/margincall/service.go:114.31,119.4 4 1
github.com/ace-platform/margin-engine/internal/margincall/service.go:121.2,121.17 1 1
github.com/ace-platform/margin-engine/internal/margincall/service.go:125.76,130.9 4 1
github.com/ace-platform/margin-engine/internal/margincall/service.go:130.9,132.3 1 1
github.com/ace-platform/margin-engine/internal/margincall/service.go:133.2,133.33 1 1
github.com/ace-platform/margin-engine/internal/margincall/service.go:137.63,142.9 4 0
github.com/ace-platform/margin-engine/internal/margincall/service.go:142.9,144.3 1 0
github.com/ace-platform/margin-engine/internal/margincall/service.go:145.2,145.20 1 0
github.com/ace-platform/margin-engine/internal/margincall/service.go:149.53,154.34 4 1
github.com/ace-platform/margin-engine/internal/margincall/service.go:154.34,156.3 1 1
github.com/ace-platform/margin-engine/internal/margincall/service.go:157.2,157.15 1 1
github.com/ace-platform/margin-engine/internal/margincall/service.go:161.37,169.31 4 1
github.com/ace-platform/margin-engine/internal/margincall/service.go:169.31,170.22 1 1
github.com/ace-platform/margin-engine/internal/margincall/service.go:171.34,172.21 1 1
github.com/ace-platform/margin-engine/internal/margincall/service.go:173.33,174.20 1 0
github.com/ace-platform/margin-engine/internal/margincall/service.go:177.2,177.14 1 1
github.com/ace-platform/margin-engine/internal/margincall/service.go:188.36,191.2 1 0
github.com/ace-platform/margin-engine/internal/types/decimal.go:18.56,20.2 1 0
github.com/ace-platform/margin-engine/internal/types/decimal.go:22.38,24.2 1 1
github.com/ace-platform/margin-engine/internal/types/decimal.go:26.28,28.2 1 0
github.com/ace-platform/margin-engine/internal/types/decimal.go:30.40,32.2 1 0
github.com/ace-platform/margin-engine/internal/types/decimal.go:34.46,36.13 2 0
github.com/ace-platform/margin-engine/internal/types/decimal.go:36.13,38.3 1 0
github.com/ace-platform/margin-engine/internal/types/decimal.go:40.2,41.31 2 0
github.com/ace-platform/margin-engine/internal/types/decimal.go:41.31,44.3 2 0
github.com/ace-platform/margin-engine/internal/types/decimal.go:46.2,48.16 3 0
github.com/ace-platform/margin-engine/internal/types/decimal.go:48.16,50.3 1 0
github.com/ace-platform/margin-engine/internal/types/decimal.go:52.2,53.21 2 0
github.com/ace-platform/margin-engine/internal/types/decimal.go:53.21,55.23 2 0
github.com/ace-platform/margin-engine/internal/types/decimal.go:55.23,57.4 1 0
github.com/ace-platform/margin-engine/internal/types/decimal.go:58.3,58.24 1 0
github.com/ace-platform/margin-engine/internal/types/decimal.go:58.24,60.4 1 0
github.com/ace-platform/margin-engine/internal/types/decimal.go:61.3,62.17 2 0
github.com/ace-platform/margin-engine/internal/types/decimal.go:62.17,64.4 1 0
github.com/ace-platform/margin-engine/internal/types/decimal.go:67.2,68.14 2 0
github.com/ace-platform/margin-engine/internal/types/decimal.go:68.14,70.3 1 0
github.com/ace-platform/margin-engine/internal/types/decimal.go:71.2,71.33 1 0
github.com/ace-platform/margin-engine/internal/types/decimal.go:74.34,74.52 1 0
github.com/ace-platform/margin-engine/internal/types/decimal.go:75.34,75.57 1 0
github.com/ace-platform/margin-engine/internal/types/decimal.go:76.34,76.56 1 1
github.com/ace-platform/margin-engine/internal/types/decimal.go:77.35,77.70 1 1
github.com/ace-platform/margin-engine/internal/types/decimal.go:79.45,81.2 1 0
github.com/ace-platform/margin-engine/internal/types/decimal.go:83.45,85.2 1 1
github.com/ace-platform/margin-engine/internal/types/decimal.go:87.46,89.2 1 0
github.com/ace-platform/margin-engine/internal/types/decimal.go:91.48,93.2 1 0
github.com/ace-platform/margin-engine/internal/types/decimal.go:97.52,99.2 1 0
github.com/ace-platform/margin-engine/internal/types/decimal.go:102.50,103.18 1 0
github.com/ace-platform/margin-engine/internal/types/decimal.go:103.18,105.3 1 0
github.com/ace-platform/margin-engine/internal/types/decimal.go:106.2,106.42 1 0
github.com/ace-platform/margin-engine/internal/types/decimal.go:109.32,110.17 1 0
github.com/ace-platform/margin-engine/internal/types/decimal.go:110.17,112.3 1 0
github.com/ace-platform/margin-engine/internal/types/decimal.go:113.2,113.10 1 0
github.com/ace-platform/margin-engine/internal/types/decimal.go:116.41,117.27 1 0
github.com/ace-platform/margin-engine/internal/types/decimal.go:117.27,119.3 1 0
github.com/ace-platform/margin-engine/internal/types/decimal.go:120.2,120.27 1 0
github.com/ace-platform/margin-engine/internal/types/decimal.go:120.27,122.3 1 0
github.com/ace-platform/margin-engine/internal/types/decimal.go:123.2,123.10 1 0
github.com/ace-platform/margin-engine/internal/types/decimal.go:126.50,126.82 1 0
github.com/ace-platform/margin-engine/internal/types/decimal.go:127.51,127.83 1 0
github.com/ace-platform/margin-engine/internal/types/decimal.go:128.51,128.84 1 1
github.com/ace-platform/margin-engine/internal/types/decimal.go:131.45,132.28 1 0
github.com/ace-platform/margin-engine/internal/types/decimal.go:132.28,134.3 1 0
github.com/ace-platform/margin-engine/internal/types/decimal.go:135.2,135.14 1 0
github.com/ace-platform/margin-engine/internal/types/decimal.go:138.34,141.14 3 0
github.com/ace-platform/margin-engine/internal/types/decimal.go:141.14,143.3 1 0
github.com/ace-platform/margin-engine/internal/types/decimal.go:144.2,148.14 4 0
github.com/ace-platform/margin-engine/internal/types/decimal.go:148.14,150.3 1 0
github.com/ace-platform/margin-engine/internal/types/decimal.go:151.2,151.19 1 0
github.com/ace-platform/margin-engine/internal/types/decimal.go:151.19,153.3 1 0
github.com/ace-platform/margin-engine/internal/types/decimal.go:154.2,156.55 3 0
github.com/ace-platform/margin-engine/internal/types/margin.go:13.31,14.18 1 0
github.com/ace-platform/margin-engine/internal/types/margin.go:14.18,16.3 1 0
github.com/ace-platform/margin-engine/internal/types/margin.go:17.2,17.15 1 0
github.com/ace-platform/margin-engine/internal/types/margin.go:40.43,41.11 1 0
github.com/ace-platform/margin-engine/internal/types/margin.go:42.25,43.19 1 0
github.com/ace-platform/margin-engine/internal/types/margin.go:44.24,45.18 1 0
github.com/ace-platform/margin-engine/internal/types/margin.go:46.27,47.21 1 0
github.com/ace-platform/margin-engine/internal/types/margin.go:48.26,49.20 1 0
github.com/ace-platform/margin-engine/internal/types/margin.go:50.10,51.19 1 0
github.com/ace-platform/margin-engine/internal/kafka/config.go:27.37,29.58 2 0
github.com/ace-platform/margin-engine/internal/kafka/config.go:29.58,31.3 1 0
github.com/ace-platform/margin-engine/internal/kafka/config.go:32.2,32.50 1 0
github.com/ace-platform/margin-engine/internal/kafka/config.go:32.50,33.44 1 0
github.com/ace-platform/margin-engine/internal/kafka/config.go:33.44,35.4 1 0
github.com/ace-platform/margin-engine/internal/kafka/config.go:37.2,37.55 1 0
github.com/ace-platform/margin-engine/internal/kafka/config.go:37.55,38.44 1 0
github.com/ace-platform/margin-engine/internal/kafka/config.go:38.44,40.4 1 0
github.com/ace-platform/margin-engine/internal/kafka/config.go:42.2,42.12 1 0
github.com/ace-platform/margin-engine/internal/kafka/config.go:48.59,50.58 2 0
github.com/ace-platform/margin-engine/internal/kafka/config.go:50.58,52.3 1 0
github.com/ace-platform/margin-engine/internal/kafka/config.go:53.2,53.50 1 0
github.com/ace-platform/margin-engine/internal/kafka/config.go:53.50,54.44 1 0
github.com/ace-platform/margin-engine/internal/kafka/config.go:54.44,56.4 1 0
github.com/ace-platform/margin-engine/internal/kafka/config.go:58.2,58.55 1 0
github.com/ace-platform/margin-engine/internal/kafka/config.go:58.55,59.44 1 0
github.com/ace-platform/margin-engine/internal/kafka/config.go:59.44,61.4 1 0
github.com/ace-platform/margin-engine/internal/kafka/config.go:63.2,63.54 1 0
github.com/ace-platform/margin-engine/internal/kafka/config.go:63.54,64.44 1 0
github.com/ace-platform/margin-engine/internal/kafka/config.go:64.44,66.4 1 0
github.com/ace-platform/margin-engine/internal/kafka/config.go:68.2,68.12 1 0
github.com/ace-platform/margin-engine/internal/kafka/consumer.go:35.59,43.2 1 1
github.com/ace-platform/margin-engine/internal/kafka/consumer.go:57.84,65.2 1 1
github.com/ace-platform/margin-engine/internal/kafka/consumer.go:68.68,72.2 3 1
github.com/ace-platform/margin-engine/internal/kafka/consumer.go:75.69,79.2 3 1
github.com/ace-platform/margin-engine/internal/kafka/consumer.go:82.60,86.31 4 1
github.com/ace-platform/margin-engine/internal/kafka/consumer.go:86.31,87.33 1 1
github.com/ace-platform/margin-engine/internal/kafka/consumer.go:87.33,90.4 2 1
github.com/ace-platform/margin-engine/internal/kafka/consumer.go:92.2,95.32 3 1
github.com/ace-platform/margin-engine/internal/kafka/consumer.go:95.32,97.51 2 1
github.com/ace-platform/margin-engine/internal/kafka/consumer.go:97.51,100.4 2 1
github.com/ace-platform/margin-engine/internal/kafka/consumer.go:102.2,103.12 2 1
github.com/ace-platform/margin-engine/internal/kafka/consumer.go:106.111,107.6 1 1
github.com/ace-platform/margin-engine/internal/kafka/consumer.go:107.6,108.10 1 1
github.com/ace-platform/margin-engine/internal/kafka/consumer.go:109.21,110.10 1 1
github.com/ace-platform/margin-engine/internal/kafka/consumer.go:111.25,112.11 1 1
github.com/ace-platform/margin-engine/internal/kafka/consumer.go:112.11,114.5 1 1
github.com/ace-platform/margin-engine/internal/kafka/consumer.go:115.4,115.45 1 1
github.com/ace-platform/margin-engine/internal/kafka/consumer.go:120.105,122.58 2 1
github.com/ace-platform/margin-engine/internal/kafka/consumer.go:122.58,126.3 3 1
github.com/ace-platform/margin-engine/internal/kafka/consumer.go:129.2,130.30 2 1
github.com/ace-platform/margin-engine/internal/kafka/consumer.go:130.30,133.3 2 1
github.com/ace-platform/margin-engine/internal/kafka/consumer.go:134.2,137.62 3 1
github.com/ace-platform/margin-engine/internal/kafka/consumer.go:137.62,138.18 1 1
github.com/ace-platform/margin-engine/internal/kafka/consumer.go:138.18,140.4 1 1
github.com/ace-platform/margin-engine/internal/kafka/consumer.go:141.3,141.45 1 1
github.com/ace-platform/margin-engine/internal/kafka/consumer.go:141.45,143.12 2 1
github.com/ace-platform/margin-engine/internal/kafka/consumer.go:146.3,148.51 3 1
github.com/ace-platform/margin-engine/internal/kafka/consumer.go:148.51,150.4 1 1
github.com/ace-platform/margin-engine/internal/kafka/consumer.go:151.3,152.9 2 1
github.com/ace-platform/margin-engine/internal/kafka/consumer.go:155.2,156.34 2 1
github.com/ace-platform/margin-engine/internal/kafka/consumer.go:159.74,160.26 1 1
github.com/ace-platform/margin-engine/internal/kafka/consumer.go:160.26,162.3 1 0
github.com/ace-platform/margin-engine/internal/kafka/consumer.go:163.2,171.19 3 1
github.com/ace-platform/margin-engine/internal/kafka/consumer.go:171.19,173.3 1 1
github.com/ace-platform/margin-engine/internal/kafka/consumer.go:176.41,180.32 3 1
github.com/ace-platform/margin-engine/internal/kafka/consumer.go:180.32,181.20 1 1
github.com/ace-platform/margin-engine/internal/kafka/consumer.go:181.20,182.9 1 1
github.com/ace-platform/margin-engine/internal/kafka/consumer.go:184.3,185.10 2 1
github.com/ace-platform/margin-engine/internal/kafka/consumer.go:190.41,195.2 4 1
github.com/ace-platform/margin-engine/internal/kafka/consumer.go:198.48,202.2 3 1
github.com/ace-platform/margin-engine/internal/kafka/consumer.go:205.46,206.43 1 1
github.com/ace-platform/margin-engine/internal/kafka/consumer.go:206.43,208.3 1 1
github.com/ace-platform/margin-engine/internal/kafka/consumer.go:209.2,209.14 1 1
github.com/ace-platform/margin-engine/internal/kafka/event.go:23.93,25.16 2 1
github.com/ace-platform/margin-engine/internal/kafka/event.go:25.16,27.3 1 0
github.com/ace-platform/margin-engine/internal/kafka/event.go:28.2,29.16 2 1
github.com/ace-platform/margin-engine/internal/kafka/event.go:29.16,31.3 1 0
github.com/ace-platform/margin-engine/internal/kafka/event.go:32.2,40.8 1 1
github.com/ace-platform/margin-engine/internal/kafka/event.go:53.37,55.45 2 1
github.com/ace-platform/margin-engine/internal/kafka/event.go:55.45,57.3 1 0
github.com/ace-platform/margin-engine/internal/kafka/event.go:58.2,61.60 3 1
github.com/ace-platform/margin-engine/internal/kafka/producer.go:27.45,34.2 1 1
github.com/ace-platform/margin-engine/internal/kafka/producer.go:48.62,53.2 1 1
github.com/ace-platform/margin-engine/internal/kafka/producer.go:56.80,62.2 5 1
github.com/ace-platform/margin-engine/internal/kafka/producer.go:66.90,70.2 3 1
github.com/ace-platform/margin-engine/internal/kafka/producer.go:73.74,75.14 2 1
github.com/ace-platform/margin-engine/internal/kafka/producer.go:75.14,78.3 2 1
github.com/ace-platform/margin-engine/internal/kafka/producer.go:79.2,85.57 6 1
github.com/ace-platform/margin-engine/internal/kafka/producer.go:85.57,86.18 1 1
github.com/ace-platform/margin-engine/internal/kafka/producer.go:86.18,88.4 1 1
github.com/ace-platform/margin-engine/internal/kafka/producer.go:90.3,90.18 1 1
github.com/ace-platform/margin-engine/internal/kafka/producer.go:90.18,91.50 1 1
github.com/ace-platform/margin-engine/internal/kafka/producer.go:91.50,93.13 2 1
github.com/ace-platform/margin-engine/internal/kafka/producer.go:97.3,98.17 2 1
github.com/ace-platform/margin-engine/internal/kafka/producer.go:98.17,100.4 1 1
github.com/ace-platform/margin-engine/internal/kafka/producer.go:102.3,108.16 2 1
github.com/ace-platform/margin-engine/internal/kafka/producer.go:108.16,109.11 1 1
github.com/ace-platform/margin-engine/internal/kafka/producer.go:110.19,110.19 0 1
github.com/ace-platform/margin-engine/internal/kafka/producer.go:111.12,113.13 2 1
github.com/ace-platform/margin-engine/internal/kafka/producer.go:116.3,116.13 1 1
github.com/ace-platform/margin-engine/internal/kafka/producer.go:118.2,118.112 1 1
github.com/ace-platform/margin-engine/internal/kafka/producer.go:122.41,126.30 4 1
github.com/ace-platform/margin-engine/internal/kafka/producer.go:126.30,128.3 1 0
github.com/ace-platform/margin-engine/internal/kafka/producer.go:129.2,129.12 1 1
github.com/ace-platform/margin-engine/internal/kafka/producer.go:133.58,137.15 4 1
github.com/ace-platform/margin-engine/internal/kafka/producer.go:137.15,139.3 1 1
github.com/ace-platform/margin-engine/internal/kafka/producer.go:140.2,141.6 2 1
github.com/ace-platform/margin-engine/internal/kafka/producer.go:141.6,142.10 1 1
github.com/ace-platform/margin-engine/internal/kafka/producer.go:143.22,144.11 1 1
github.com/ace-platform/margin-engine/internal/kafka/producer.go:144.11,146.5 1 0
github.com/ace-platform/margin-engine/internal/kafka/producer.go:147.4,147.26 1 1
github.com/ace-platform/margin-engine/internal/kafka/producer.go:148.11,149.15 1 1
github.com/ace-platform/margin-engine/internal/kafka/wiring.go:59.103,61.16 2 1
github.com/ace-platform/margin-engine/internal/kafka/wiring.go:61.16,63.3 1 0
github.com/ace-platform/margin-engine/internal/kafka/wiring.go:64.2,64.69 1 1
github.com/ace-platform/margin-engine/internal/kafka/wiring.go:70.57,71.54 1 1
github.com/ace-platform/margin-engine/internal/kafka/wiring.go:71.54,73.65 2 1
github.com/ace-platform/margin-engine/internal/kafka/wiring.go:73.65,75.4 1 0
github.com/ace-platform/margin-engine/internal/kafka/wiring.go:76.3,76.47 1 1
github.com/ace-platform/margin-engine/internal/kafka/wiring.go:83.63,84.54 1 1
github.com/ace-platform/margin-engine/internal/kafka/wiring.go:84.54,86.65 2 1
github.com/ace-platform/margin-engine/internal/kafka/wiring.go:86.65,88.4 1 0
github.com/ace-platform/margin-engine/internal/kafka/wiring.go:89.3,89.47 1 1
github.com/ace-platform/margin-engine/internal/params/params.go:33.83,77.2 12 1
github.com/ace-platform/margin-engine/internal/params/params.go:85.24,89.2 1 1
github.com/ace-platform/margin-engine/internal/params/params.go:93.41,97.27 3 1
github.com/ace-platform/margin-engine/internal/params/params.go:97.27,99.3 1 1
github.com/ace-platform/margin-engine/internal/params/params.go:100.2,101.36 2 1
github.com/ace-platform/margin-engine/internal/params/params.go:105.68,110.9 4 1
github.com/ace-platform/margin-engine/internal/params/params.go:110.9,112.3 1 1
github.com/ace-platform/margin-engine/internal/params/params.go:113.2,113.16 1 1
github.com/ace-platform/margin-engine/internal/params/params.go:117.81,122.9 4 1
github.com/ace-platform/margin-engine/internal/params/params.go:122.9,124.3 1 1
github.com/ace-platform/margin-engine/internal/params/params.go:125.2,126.12 2 1
github.com/ace-platform/margin-engine/internal/params/params.go:130.42,135.29 4 1
github.com/ace-platform/margin-engine/internal/params/params.go:135.29,137.3 1 1
github.com/ace-platform/margin-engine/internal/params/params.go:138.2,138.15 1 1
github.com/ace-platform/margin-engine/internal/types/decimal.go:18.56,20.2 1 1
github.com/ace-platform/margin-engine/internal/types/decimal.go:22.38,24.2 1 1
github.com/ace-platform/margin-engine/internal/types/decimal.go:26.28,28.2 1 1
github.com/ace-platform/margin-engine/internal/types/decimal.go:30.40,32.2 1 0
github.com/ace-platform/margin-engine/internal/types/decimal.go:34.46,36.13 2 0
github.com/ace-platform/margin-engine/internal/types/decimal.go:36.13,38.3 1 0
github.com/ace-platform/margin-engine/internal/types/decimal.go:40.2,41.31 2 0
github.com/ace-platform/margin-engine/internal/types/decimal.go:41.31,44.3 2 0
github.com/ace-platform/margin-engine/internal/types/decimal.go:46.2,48.16 3 0
github.com/ace-platform/margin-engine/internal/types/decimal.go:48.16,50.3 1 0
github.com/ace-platform/margin-engine/internal/types/decimal.go:52.2,53.21 2 0
github.com/ace-platform/margin-engine/internal/types/decimal.go:53.21,55.23 2 0
github.com/ace-platform/margin-engine/internal/types/decimal.go:55.23,57.4 1 0
github.com/ace-platform/margin-engine/internal/types/decimal.go:58.3,58.24 1 0
github.com/ace-platform/margin-engine/internal/types/decimal.go:58.24,60.4 1 0
github.com/ace-platform/margin-engine/internal/types/decimal.go:61.3,62.17 2 0
github.com/ace-platform/margin-engine/internal/types/decimal.go:62.17,64.4 1 0
github.com/ace-platform/margin-engine/internal/types/decimal.go:67.2,68.14 2 0
github.com/ace-platform/margin-engine/internal/types/decimal.go:68.14,70.3 1 0
github.com/ace-platform/margin-engine/internal/types/decimal.go:71.2,71.33 1 0
github.com/ace-platform/margin-engine/internal/types/decimal.go:74.34,74.52 1 0
github.com/ace-platform/margin-engine/internal/types/decimal.go:75.34,75.57 1 1
github.com/ace-platform/margin-engine/internal/types/decimal.go:76.34,76.56 1 0
github.com/ace-platform/margin-engine/internal/types/decimal.go:77.35,77.70 1 1
github.com/ace-platform/margin-engine/internal/types/decimal.go:79.45,81.2 1 1
github.com/ace-platform/margin-engine/internal/types/decimal.go:83.45,85.2 1 0
github.com/ace-platform/margin-engine/internal/types/decimal.go:87.46,89.2 1 1
github.com/ace-platform/margin-engine/internal/types/decimal.go:91.48,93.2 1 0
github.com/ace-platform/margin-engine/internal/types/decimal.go:97.52,99.2 1 1
github.com/ace-platform/margin-engine/internal/types/decimal.go:102.50,103.18 1 0
github.com/ace-platform/margin-engine/internal/types/decimal.go:103.18,105.3 1 0
github.com/ace-platform/margin-engine/internal/types/decimal.go:106.2,106.42 1 0
github.com/ace-platform/margin-engine/internal/types/decimal.go:109.32,110.17 1 0
github.com/ace-platform/margin-engine/internal/types/decimal.go:110.17,112.3 1 0
github.com/ace-platform/margin-engine/internal/types/decimal.go:113.2,113.10 1 0
github.com/ace-platform/margin-engine/internal/types/decimal.go:116.41,117.27 1 0
github.com/ace-platform/margin-engine/internal/types/decimal.go:117.27,119.3 1 0
github.com/ace-platform/margin-engine/internal/types/decimal.go:120.2,120.27 1 0
github.com/ace-platform/margin-engine/internal/types/decimal.go:120.27,122.3 1 0
github.com/ace-platform/margin-engine/internal/types/decimal.go:123.2,123.10 1 0
github.com/ace-platform/margin-engine/internal/types/decimal.go:126.50,126.82 1 0
github.com/ace-platform/margin-engine/internal/types/decimal.go:127.51,127.83 1 0
github.com/ace-platform/margin-engine/internal/types/decimal.go:128.51,128.84 1 1
github.com/ace-platform/margin-engine/internal/types/decimal.go:131.45,132.28 1 0
github.com/ace-platform/margin-engine/internal/types/decimal.go:132.28,134.3 1 0
github.com/ace-platform/margin-engine/internal/types/decimal.go:135.2,135.14 1 0
github.com/ace-platform/margin-engine/internal/types/decimal.go:138.34,141.14 3 0
github.com/ace-platform/margin-engine/internal/types/decimal.go:141.14,143.3 1 0
github.com/ace-platform/margin-engine/internal/types/decimal.go:144.2,148.14 4 0
github.com/ace-platform/margin-engine/internal/types/decimal.go:148.14,150.3 1 0
github.com/ace-platform/margin-engine/internal/types/decimal.go:151.2,151.19 1 0
github.com/ace-platform/margin-engine/internal/types/decimal.go:151.19,153.3 1 0
github.com/ace-platform/margin-engine/internal/types/decimal.go:154.2,156.55 3 0
github.com/ace-platform/margin-engine/internal/types/margin.go:13.31,14.18 1 0
github.com/ace-platform/margin-engine/internal/types/margin.go:14.18,16.3 1 0
github.com/ace-platform/margin-engine/internal/types/margin.go:17.2,17.15 1 0
github.com/ace-platform/margin-engine/internal/types/margin.go:40.43,41.11 1 0
github.com/ace-platform/margin-engine/internal/types/margin.go:42.25,43.19 1 0
github.com/ace-platform/margin-engine/internal/types/margin.go:44.24,45.18 1 0
github.com/ace-platform/margin-engine/internal/types/margin.go:46.27,47.21 1 0
github.com/ace-platform/margin-engine/internal/types/margin.go:48.26,49.20 1 0
github.com/ace-platform/margin-engine/internal/types/margin.go:50.10,51.19 1 0
github.com/ace-platform/margin-engine/internal/scanner/scanner.go:13.21,15.2 1 1
github.com/ace-platform/margin-engine/internal/scanner/scanner.go:27.83,28.26 1 1
github.com/ace-platform/margin-engine/internal/scanner/scanner.go:28.26,33.3 1 1
github.com/ace-platform/margin-engine/internal/scanner/scanner.go:35.2,39.40 4 1
github.com/ace-platform/margin-engine/internal/scanner/scanner.go:39.40,51.34 5 1
github.com/ace-platform/margin-engine/internal/scanner/scanner.go:51.34,54.4 2 1
github.com/ace-platform/margin-engine/internal/scanner/scanner.go:58.2,58.23 1 1
github.com/ace-platform/margin-engine/internal/scanner/scanner.go:58.23,60.3 1 0
github.com/ace-platform/margin-engine/internal/scanner/scanner.go:62.2,66.3 1 1
github.com/ace-platform/margin-engine/internal/scanner/scanner.go:71.94,72.26 1 1
github.com/ace-platform/margin-engine/internal/scanner/scanner.go:72.26,74.3 1 1
github.com/ace-platform/margin-engine/internal/scanner/scanner.go:75.2,76.70 2 1
github.com/ace-platform/margin-engine/internal/types/decimal.go:18.56,20.2 1 1
github.com/ace-platform/margin-engine/internal/types/decimal.go:22.38,24.2 1 1
github.com/ace-platform/margin-engine/internal/types/decimal.go:26.28,28.2 1 1
github.com/ace-platform/margin-engine/internal/types/decimal.go:30.40,32.2 1 0
github.com/ace-platform/margin-engine/internal/types/decimal.go:34.46,36.13 2 0
github.com/ace-platform/margin-engine/internal/types/decimal.go:36.13,38.3 1 0
github.com/ace-platform/margin-engine/internal/types/decimal.go:40.2,41.31 2 0
github.com/ace-platform/margin-engine/internal/types/decimal.go:41.31,44.3 2 0
github.com/ace-platform/margin-engine/internal/types/decimal.go:46.2,48.16 3 0
github.com/ace-platform/margin-engine/internal/types/decimal.go:48.16,50.3 1 0
github.com/ace-platform/margin-engine/internal/types/decimal.go:52.2,53.21 2 0
github.com/ace-platform/margin-engine/internal/types/decimal.go:53.21,55.23 2 0
github.com/ace-platform/margin-engine/internal/types/decimal.go:55.23,57.4 1 0
github.com/ace-platform/margin-engine/internal/types/decimal.go:58.3,58.24 1 0
github.com/ace-platform/margin-engine/internal/types/decimal.go:58.24,60.4 1 0
github.com/ace-platform/margin-engine/internal/types/decimal.go:61.3,62.17 2 0
github.com/ace-platform/margin-engine/internal/types/decimal.go:62.17,64.4 1 0
github.com/ace-platform/margin-engine/internal/types/decimal.go:67.2,68.14 2 0
github.com/ace-platform/margin-engine/internal/types/decimal.go:68.14,70.3 1 0
github.com/ace-platform/margin-engine/internal/types/decimal.go:71.2,71.33 1 0
github.com/ace-platform/margin-engine/internal/types/decimal.go:74.34,74.52 1 0
github.com/ace-platform/margin-engine/internal/types/decimal.go:75.34,75.57 1 1
github.com/ace-platform/margin-engine/internal/types/decimal.go:76.34,76.56 1 1
github.com/ace-platform/margin-engine/internal/types/decimal.go:77.35,77.70 1 1
github.com/ace-platform/margin-engine/internal/types/decimal.go:79.45,81.2 1 0
github.com/ace-platform/margin-engine/internal/types/decimal.go:83.45,85.2 1 1
github.com/ace-platform/margin-engine/internal/types/decimal.go:87.46,89.2 1 1
github.com/ace-platform/margin-engine/internal/types/decimal.go:91.48,93.2 1 0
github.com/ace-platform/margin-engine/internal/types/decimal.go:97.52,99.2 1 1
github.com/ace-platform/margin-engine/internal/types/decimal.go:102.50,103.18 1 0
github.com/ace-platform/margin-engine/internal/types/decimal.go:103.18,105.3 1 0
github.com/ace-platform/margin-engine/internal/types/decimal.go:106.2,106.42 1 0
github.com/ace-platform/margin-engine/internal/types/decimal.go:109.32,110.17 1 0
github.com/ace-platform/margin-engine/internal/types/decimal.go:110.17,112.3 1 0
github.com/ace-platform/margin-engine/internal/types/decimal.go:113.2,113.10 1 0
github.com/ace-platform/margin-engine/internal/types/decimal.go:116.41,117.27 1 0
github.com/ace-platform/margin-engine/internal/types/decimal.go:117.27,119.3 1 0
github.com/ace-platform/margin-engine/internal/types/decimal.go:120.2,120.27 1 0
github.com/ace-platform/margin-engine/internal/types/decimal.go:120.27,122.3 1 0
github.com/ace-platform/margin-engine/internal/types/decimal.go:123.2,123.10 1 0
github.com/ace-platform/margin-engine/internal/types/decimal.go:126.50,126.82 1 1
github.com/ace-platform/margin-engine/internal/types/decimal.go:127.51,127.83 1 1
github.com/ace-platform/margin-engine/internal/types/decimal.go:128.51,128.84 1 1
github.com/ace-platform/margin-engine/internal/types/decimal.go:131.45,132.28 1 0
github.com/ace-platform/margin-engine/internal/types/decimal.go:132.28,134.3 1 0
github.com/ace-platform/margin-engine/internal/types/decimal.go:135.2,135.14 1 0
github.com/ace-platform/margin-engine/internal/types/decimal.go:138.34,141.14 3 0
github.com/ace-platform/margin-engine/internal/types/decimal.go:141.14,143.3 1 0
github.com/ace-platform/margin-engine/internal/types/decimal.go:144.2,148.14 4 0
github.com/ace-platform/margin-engine/internal/types/decimal.go:148.14,150.3 1 0
github.com/ace-platform/margin-engine/internal/types/decimal.go:151.2,151.19 1 0
github.com/ace-platform/margin-engine/internal/types/decimal.go:151.19,153.3 1 0
github.com/ace-platform/margin-engine/internal/types/decimal.go:154.2,156.55 3 0
github.com/ace-platform/margin-engine/internal/types/margin.go:13.31,14.18 1 0
github.com/ace-platform/margin-engine/internal/types/margin.go:14.18,16.3 1 0
github.com/ace-platform/margin-engine/internal/types/margin.go:17.2,17.15 1 0
github.com/ace-platform/margin-engine/internal/types/margin.go:40.43,41.11 1 0
github.com/ace-platform/margin-engine/internal/types/margin.go:42.25,43.19 1 0
github.com/ace-platform/margin-engine/internal/types/margin.go:44.24,45.18 1 0
github.com/ace-platform/margin-engine/internal/types/margin.go:46.27,47.21 1 0
github.com/ace-platform/margin-engine/internal/types/margin.go:48.26,49.20 1 0
github.com/ace-platform/margin-engine/internal/types/margin.go:50.10,51.19 1 0
github.com/ace-platform/margin-engine/internal/server/config.go:15.29,22.2 1 0
github.com/ace-platform/margin-engine/internal/server/config.go:24.29,27.42 2 0
github.com/ace-platform/margin-engine/internal/server/config.go:27.42,28.47 1 0
github.com/ace-platform/margin-engine/internal/server/config.go:28.47,30.4 1 0
github.com/ace-platform/margin-engine/internal/server/config.go:32.2,32.44 1 0
github.com/ace-platform/margin-engine/internal/server/config.go:32.44,33.47 1 0
github.com/ace-platform/margin-engine/internal/server/config.go:33.47,35.4 1 0
github.com/ace-platform/margin-engine/internal/server/config.go:37.2,37.45 1 0
github.com/ace-platform/margin-engine/internal/server/config.go:37.45,39.3 1 0
github.com/ace-platform/margin-engine/internal/server/config.go:40.2,40.54 1 0
github.com/ace-platform/margin-engine/internal/server/config.go:40.54,42.3 1 0
github.com/ace-platform/margin-engine/internal/server/config.go:43.2,43.12 1 0
github.com/ace-platform/margin-engine/internal/server/server.go:21.56,26.2 1 0
github.com/ace-platform/margin-engine/internal/server/server.go:28.29,30.2 1 0
github.com/ace-platform/margin-engine/internal/server/server.go:33.89,35.2 1 0
github.com/ace-platform/margin-engine/internal/server/server.go:38.116,40.2 1 0
github.com/ace-platform/margin-engine/internal/server/server.go:43.44,46.74 2 0
github.com/ace-platform/margin-engine/internal/server/server.go:46.74,49.3 2 0
github.com/ace-platform/margin-engine/internal/server/server.go:51.2,51.73 1 0
github.com/ace-platform/margin-engine/internal/server/server.go:51.73,52.21 1 0
github.com/ace-platform/margin-engine/internal/server/server.go:52.21,55.4 2 0
github.com/ace-platform/margin-engine/internal/server/server.go:55.9,58.4 2 0
github.com/ace-platform/margin-engine/internal/server/server.go:61.2,61.73 1 0
github.com/ace-platform/margin-engine/internal/server/server.go:61.73,63.26 2 0
github.com/ace-platform/margin-engine/internal/server/server.go:63.26,66.4 2 0
github.com/ace-platform/margin-engine/internal/server/server.go:67.3,68.10 2 0
github.com/ace-platform/margin-engine/internal/server/server.go:68.10,71.4 2 0
github.com/ace-platform/margin-engine/internal/server/server.go:72.3,73.32 2 0
github.com/ace-platform/margin-engine/internal/server/server.go:76.2,76.79 1 0
github.com/ace-platform/margin-engine/internal/server/server.go:76.79,80.3 3 0
github.com/ace-platform/margin-engine/internal/server/server.go:82.2,82.84 1 0
github.com/ace-platform/margin-engine/internal/server/server.go:82.84,86.3 3 0
github.com/ace-platform/margin-engine/internal/server/server.go:88.2,89.39 2 0
github.com/ace-platform/margin-engine/internal/server/server.go:93.53,96.2 2 0
github.com/ace-platform/margin-engine/internal/types/decimal.go:18.56,20.2 1 0
github.com/ace-platform/margin-engine/internal/types/decimal.go:22.38,24.2 1 0
github.com/ace-platform/margin-engine/internal/types/decimal.go:26.28,28.2 1 0
github.com/ace-platform/margin-engine/internal/types/decimal.go:30.40,32.2 1 0
github.com/ace-platform/margin-engine/internal/types/decimal.go:34.46,36.13 2 0
github.com/ace-platform/margin-engine/internal/types/decimal.go:36.13,38.3 1 0
github.com/ace-platform/margin-engine/internal/types/decimal.go:40.2,41.31 2 0
github.com/ace-platform/margin-engine/internal/types/decimal.go:41.31,44.3 2 0
github.com/ace-platform/margin-engine/internal/types/decimal.go:46.2,48.16 3 0
github.com/ace-platform/margin-engine/internal/types/decimal.go:48.16,50.3 1 0
github.com/ace-platform/margin-engine/internal/types/decimal.go:52.2,53.21 2 0
github.com/ace-platform/margin-engine/internal/types/decimal.go:53.21,55.23 2 0
github.com/ace-platform/margin-engine/internal/types/decimal.go:55.23,57.4 1 0
github.com/ace-platform/margin-engine/internal/types/decimal.go:58.3,58.24 1 0
github.com/ace-platform/margin-engine/internal/types/decimal.go:58.24,60.4 1 0
github.com/ace-platform/margin-engine/internal/types/decimal.go:61.3,62.17 2 0
github.com/ace-platform/margin-engine/internal/types/decimal.go:62.17,64.4 1 0
github.com/ace-platform/margin-engine/internal/types/decimal.go:67.2,68.14 2 0
github.com/ace-platform/margin-engine/internal/types/decimal.go:68.14,70.3 1 0
github.com/ace-platform/margin-engine/internal/types/decimal.go:71.2,71.33 1 0
github.com/ace-platform/margin-engine/internal/types/decimal.go:74.34,74.52 1 0
github.com/ace-platform/margin-engine/internal/types/decimal.go:75.34,75.57 1 0
github.com/ace-platform/margin-engine/internal/types/decimal.go:76.34,76.56 1 0
github.com/ace-platform/margin-engine/internal/types/decimal.go:77.35,77.70 1 0
github.com/ace-platform/margin-engine/internal/types/decimal.go:79.45,81.2 1 0
github.com/ace-platform/margin-engine/internal/types/decimal.go:83.45,85.2 1 0
github.com/ace-platform/margin-engine/internal/types/decimal.go:87.46,89.2 1 0
github.com/ace-platform/margin-engine/internal/types/decimal.go:91.48,93.2 1 0
github.com/ace-platform/margin-engine/internal/types/decimal.go:97.52,99.2 1 0
github.com/ace-platform/margin-engine/internal/types/decimal.go:102.50,103.18 1 0
github.com/ace-platform/margin-engine/internal/types/decimal.go:103.18,105.3 1 0
github.com/ace-platform/margin-engine/internal/types/decimal.go:106.2,106.42 1 0
github.com/ace-platform/margin-engine/internal/types/decimal.go:109.32,110.17 1 0
github.com/ace-platform/margin-engine/internal/types/decimal.go:110.17,112.3 1 0
github.com/ace-platform/margin-engine/internal/types/decimal.go:113.2,113.10 1 0
github.com/ace-platform/margin-engine/internal/types/decimal.go:116.41,117.27 1 0
github.com/ace-platform/margin-engine/internal/types/decimal.go:117.27,119.3 1 0
github.com/ace-platform/margin-engine/internal/types/decimal.go:120.2,120.27 1 0
github.com/ace-platform/margin-engine/internal/types/decimal.go:120.27,122.3 1 0
github.com/ace-platform/margin-engine/internal/types/decimal.go:123.2,123.10 1 0
github.com/ace-platform/margin-engine/internal/types/decimal.go:126.50,126.82 1 0
github.com/ace-platform/margin-engine/internal/types/decimal.go:127.51,127.83 1 0
github.com/ace-platform/margin-engine/internal/types/decimal.go:128.51,128.84 1 0
github.com/ace-platform/margin-engine/internal/types/decimal.go:131.45,132.28 1 0
github.com/ace-platform/margin-engine/internal/types/decimal.go:132.28,134.3 1 0
github.com/ace-platform/margin-engine/internal/types/decimal.go:135.2,135.14 1 0
github.com/ace-platform/margin-engine/internal/types/decimal.go:138.34,141.14 3 0
github.com/ace-platform/margin-engine/internal/types/decimal.go:141.14,143.3 1 0
github.com/ace-platform/margin-engine/internal/types/decimal.go:144.2,148.14 4 0
github.com/ace-platform/margin-engine/internal/types/decimal.go:148.14,150.3 1 0
github.com/ace-platform/margin-engine/internal/types/decimal.go:151.2,151.19 1 0
github.com/ace-platform/margin-engine/internal/types/decimal.go:151.19,153.3 1 0
github.com/ace-platform/margin-engine/internal/types/decimal.go:154.2,156.55 3 0
github.com/ace-platform/margin-engine/internal/types/margin.go:13.31,14.18 1 0
github.com/ace-platform/margin-engine/internal/types/margin.go:14.18,16.3 1 0
github.com/ace-platform/margin-engine/internal/types/margin.go:17.2,17.15 1 0
github.com/ace-platform/margin-engine/internal/types/margin.go:40.43,41.11 1 0
github.com/ace-platform/margin-engine/internal/types/margin.go:42.25,43.19 1 0
github.com/ace-platform/margin-engine/internal/types/margin.go:44.24,45.18 1 0
github.com/ace-platform/margin-engine/internal/types/margin.go:46.27,47.21 1 0
github.com/ace-platform/margin-engine/internal/types/margin.go:48.26,49.20 1 0
github.com/ace-platform/margin-engine/internal/types/margin.go:50.10,51.19 1 0
