mode: set
github.com/ace-platform/clearing-engine/cmd/clearing-engine/main.go:22.35,25.2 2 0
github.com/ace-platform/clearing-engine/cmd/clearing-engine/main.go:27.13,35.78 6 0
github.com/ace-platform/clearing-engine/cmd/clearing-engine/main.go:35.78,40.3 1 0
github.com/ace-platform/clearing-engine/cmd/clearing-engine/main.go:42.2,44.12 2 0
github.com/ace-platform/clearing-engine/cmd/clearing-engine/main.go:44.12,45.49 1 0
github.com/ace-platform/clearing-engine/cmd/clearing-engine/main.go:45.49,47.4 1 0
github.com/ace-platform/clearing-engine/cmd/clearing-engine/main.go:50.2,51.16 2 0
github.com/ace-platform/clearing-engine/cmd/clearing-engine/main.go:51.16,53.3 1 0
github.com/ace-platform/clearing-engine/cmd/clearing-engine/main.go:55.2,65.13 8 0
github.com/ace-platform/clearing-engine/internal/engine/engine.go:37.11,45.2 1 1
github.com/ace-platform/clearing-engine/internal/engine/engine.go:48.50,50.2 1 1
github.com/ace-platform/clearing-engine/internal/engine/engine.go:59.73,64.38 3 1
github.com/ace-platform/clearing-engine/internal/engine/engine.go:64.38,66.3 1 1
github.com/ace-platform/clearing-engine/internal/engine/engine.go:69.2,70.16 2 1
github.com/ace-platform/clearing-engine/internal/engine/engine.go:70.16,72.3 1 1
github.com/ace-platform/clearing-engine/internal/engine/engine.go:75.2,75.69 1 1
github.com/ace-platform/clearing-engine/internal/engine/engine.go:75.69,77.3 1 1
github.com/ace-platform/clearing-engine/internal/engine/engine.go:78.2,78.70 1 1
github.com/ace-platform/clearing-engine/internal/engine/engine.go:78.70,80.3 1 1
github.com/ace-platform/clearing-engine/internal/engine/engine.go:83.2,84.16 2 1
github.com/ace-platform/clearing-engine/internal/engine/engine.go:84.16,86.3 1 0
github.com/ace-platform/clearing-engine/internal/engine/engine.go:87.2,88.16 2 1
github.com/ace-platform/clearing-engine/internal/engine/engine.go:88.16,90.3 1 0
github.com/ace-platform/clearing-engine/internal/engine/engine.go:93.2,102.27 3 1
github.com/ace-platform/clearing-engine/internal/engine/engine.go:102.27,104.3 1 1
github.com/ace-platform/clearing-engine/internal/engine/engine.go:106.2,106.20 1 1
github.com/ace-platform/clearing-engine/internal/engine/engine.go:110.57,116.2 4 1
github.com/ace-platform/clearing-engine/internal/engine/engine.go:119.88,126.34 5 1
github.com/ace-platform/clearing-engine/internal/engine/engine.go:126.34,127.48 1 1
github.com/ace-platform/clearing-engine/internal/engine/engine.go:127.48,129.4 1 1
github.com/ace-platform/clearing-engine/internal/engine/engine.go:131.2,131.34 1 1
github.com/ace-platform/clearing-engine/internal/engine/engine.go:135.89,137.2 1 1
github.com/ace-platform/clearing-engine/internal/engine/engine.go:140.70,142.2 1 1
github.com/ace-platform/clearing-engine/internal/engine/engine.go:145.81,147.2 1 1
github.com/ace-platform/clearing-engine/internal/engine/engine.go:150.76,152.2 1 1
github.com/ace-platform/clearing-engine/internal/netting/netting.go:14.28,16.2 1 1
github.com/ace-platform/clearing-engine/internal/netting/netting.go:21.85,37.34 4 1
github.com/ace-platform/clearing-engine/internal/netting/netting.go:37.34,40.14 3 1
github.com/ace-platform/clearing-engine/internal/netting/netting.go:40.14,43.4 2 1
github.com/ace-platform/clearing-engine/internal/netting/netting.go:45.3,46.32 2 1
github.com/ace-platform/clearing-engine/internal/netting/netting.go:46.32,50.4 3 1
github.com/ace-platform/clearing-engine/internal/netting/netting.go:50.9,54.4 3 1
github.com/ace-platform/clearing-engine/internal/netting/netting.go:57.2,59.26 3 1
github.com/ace-platform/clearing-engine/internal/netting/netting.go:59.26,70.3 1 1
github.com/ace-platform/clearing-engine/internal/netting/netting.go:72.2,72.16 1 1
github.com/ace-platform/clearing-engine/internal/novation/novation.go:19.51,21.2 1 1
github.com/ace-platform/clearing-engine/internal/novation/novation.go:35.69,36.25 1 1
github.com/ace-platform/clearing-engine/internal/novation/novation.go:36.25,38.3 1 1
github.com/ace-platform/clearing-engine/internal/novation/novation.go:39.2,39.25 1 1
github.com/ace-platform/clearing-engine/internal/novation/novation.go:39.25,41.3 1 1
github.com/ace-platform/clearing-engine/internal/novation/novation.go:42.2,42.71 1 1
github.com/ace-platform/clearing-engine/internal/novation/novation.go:42.71,44.3 1 1
github.com/ace-platform/clearing-engine/internal/novation/novation.go:46.2,80.8 5 1
github.com/ace-platform/clearing-engine/internal/kafka/config.go:27.37,29.58 2 0
github.com/ace-platform/clearing-engine/internal/kafka/config.go:29.58,31.3 1 0
github.com/ace-platform/clearing-engine/internal/kafka/config.go:32.2,32.50 1 0
github.com/ace-platform/clearing-engine/internal/kafka/config.go:32.50,33.44 1 0
github.com/ace-platform/clearing-engine/internal/kafka/config.go:33.44,35.4 1 0
github.com/ace-platform/clearing-engine/internal/kafka/config.go:37.2,37.55 1 0
github.com/ace-platform/clearing-engine/internal/kafka/config.go:37.55,38.44 1 0
github.com/ace-platform/clearing-engine/internal/kafka/config.go:38.44,40.4 1 0
github.com/ace-platform/clearing-engine/internal/kafka/config.go:42.2,42.12 1 0
github.com/ace-platform/clearing-engine/internal/kafka/config.go:48.59,50.58 2 0
github.com/ace-platform/clearing-engine/internal/kafka/config.go:50.58,52.3 1 0
github.com/ace-platform/clearing-engine/internal/kafka/config.go:53.2,53.50 1 0
github.com/ace-platform/clearing-engine/internal/kafka/config.go:53.50,54.44 1 0
github.com/ace-platform/clearing-engine/internal/kafka/config.go:54.44,56.4 1 0
github.com/ace-platform/clearing-engine/internal/kafka/config.go:58.2,58.55 1 0
github.com/ace-platform/clearing-engine/internal/kafka/config.go:58.55,59.44 1 0
github.com/ace-platform/clearing-engine/internal/kafka/config.go:59.44,61.4 1 0
github.com/ace-platform/clearing-engine/internal/kafka/config.go:63.2,63.54 1 0
github.com/ace-platform/clearing-engine/internal/kafka/config.go:63.54,64.44 1 0
github.com/ace-platform/clearing-engine/internal/kafka/config.go:64.44,66.4 1 0
github.com/ace-platform/clearing-engine/internal/kafka/config.go:68.2,68.12 1 0
github.com/ace-platform/clearing-engine/internal/kafka/consumer.go:35.59,43.2 1 1
github.com/ace-platform/clearing-engine/internal/kafka/consumer.go:57.84,65.2 1 1
github.com/ace-platform/clearing-engine/internal/kafka/consumer.go:68.68,72.2 3 1
github.com/ace-platform/clearing-engine/internal/kafka/consumer.go:75.69,79.2 3 1
github.com/ace-platform/clearing-engine/internal/kafka/consumer.go:82.60,86.31 4 1
github.com/ace-platform/clearing-engine/internal/kafka/consumer.go:86.31,87.33 1 1
github.com/ace-platform/clearing-engine/internal/kafka/consumer.go:87.33,90.4 2 1
github.com/ace-platform/clearing-engine/internal/kafka/consumer.go:92.2,95.32 3 1
github.com/ace-platform/clearing-engine/internal/kafka/consumer.go:95.32,97.51 2 1
github.com/ace-platform/clearing-engine/internal/kafka/consumer.go:97.51,100.4 2 1
github.com/ace-platform/clearing-engine/internal/kafka/consumer.go:102.2,103.12 2 1
github.com/ace-platform/clearing-engine/internal/kafka/consumer.go:106.111,107.6 1 1
github.com/ace-platform/clearing-engine/internal/kafka/consumer.go:107.6,108.10 1 1
github.com/ace-platform/clearing-engine/internal/kafka/consumer.go:109.21,110.10 1 1
github.com/ace-platform/clearing-engine/internal/kafka/consumer.go:111.25,112.11 1 1
github.com/ace-platform/clearing-engine/internal/kafka/consumer.go:112.11,114.5 1 1
github.com/ace-platform/clearing-engine/internal/kafka/consumer.go:115.4,115.45 1 1
github.com/ace-platform/clearing-engine/internal/kafka/consumer.go:120.105,122.58 2 1
github.com/ace-platform/clearing-engine/internal/kafka/consumer.go:122.58,126.3 3 1
github.com/ace-platform/clearing-engine/internal/kafka/consumer.go:129.2,130.30 2 1
github.com/ace-platform/clearing-engine/internal/kafka/consumer.go:130.30,133.3 2 1
github.com/ace-platform/clearing-engine/internal/kafka/consumer.go:134.2,137.62 3 1
github.com/ace-platform/clearing-engine/internal/kafka/consumer.go:137.62,138.18 1 1
github.com/ace-platform/clearing-engine/internal/kafka/consumer.go:138.18,140.4 1 1
github.com/ace-platform/clearing-engine/internal/kafka/consumer.go:141.3,141.45 1 1
github.com/ace-platform/clearing-engine/internal/kafka/consumer.go:141.45,143.12 2 1
github.com/ace-platform/clearing-engine/internal/kafka/consumer.go:146.3,148.51 3 1
github.com/ace-platform/clearing-engine/internal/kafka/consumer.go:148.51,150.4 1 1
github.com/ace-platform/clearing-engine/internal/kafka/consumer.go:151.3,152.9 2 1
github.com/ace-platform/clearing-engine/internal/kafka/consumer.go:155.2,156.34 2 1
github.com/ace-platform/clearing-engine/internal/kafka/consumer.go:159.74,160.26 1 1
github.com/ace-platform/clearing-engine/internal/kafka/consumer.go:160.26,162.3 1 0
github.com/ace-platform/clearing-engine/internal/kafka/consumer.go:163.2,171.19 3 1
github.com/ace-platform/clearing-engine/internal/kafka/consumer.go:171.19,173.3 1 1
github.com/ace-platform/clearing-engine/internal/kafka/consumer.go:176.41,180.32 3 1
github.com/ace-platform/clearing-engine/internal/kafka/consumer.go:180.32,181.20 1 1
github.com/ace-platform/clearing-engine/internal/kafka/consumer.go:181.20,182.9 1 1
github.com/ace-platform/clearing-engine/internal/kafka/consumer.go:184.3,185.10 2 1
github.com/ace-platform/clearing-engine/internal/kafka/consumer.go:190.41,195.2 4 1
github.com/ace-platform/clearing-engine/internal/kafka/consumer.go:198.48,202.2 3 1
github.com/ace-platform/clearing-engine/internal/kafka/consumer.go:205.46,206.43 1 1
github.com/ace-platform/clearing-engine/internal/kafka/consumer.go:206.43,208.3 1 1
github.com/ace-platform/clearing-engine/internal/kafka/consumer.go:209.2,209.14 1 1
github.com/ace-platform/clearing-engine/internal/kafka/event.go:23.93,25.16 2 1
github.com/ace-platform/clearing-engine/internal/kafka/event.go:25.16,27.3 1 0
github.com/ace-platform/clearing-engine/internal/kafka/event.go:28.2,29.16 2 1
github.com/ace-platform/clearing-engine/internal/kafka/event.go:29.16,31.3 1 0
github.com/ace-platform/clearing-engine/internal/kafka/event.go:32.2,40.8 1 1
github.com/ace-platform/clearing-engine/internal/kafka/event.go:53.37,55.45 2 1
github.com/ace-platform/clearing-engine/internal/kafka/event.go:55.45,57.3 1 0
github.com/ace-platform/clearing-engine/internal/kafka/event.go:58.2,61.60 3 1
github.com/ace-platform/clearing-engine/internal/kafka/producer.go:27.45,34.2 1 1
github.com/ace-platform/clearing-engine/internal/kafka/producer.go:48.62,53.2 1 1
github.com/ace-platform/clearing-engine/internal/kafka/producer.go:56.80,62.2 5 1
github.com/ace-platform/clearing-engine/internal/kafka/producer.go:66.90,70.2 3 1
github.com/ace-platform/clearing-engine/internal/kafka/producer.go:73.74,75.14 2 1
github.com/ace-platform/clearing-engine/internal/kafka/producer.go:75.14,78.3 2 1
github.com/ace-platform/clearing-engine/internal/kafka/producer.go:79.2,85.57 6 1
github.com/ace-platform/clearing-engine/internal/kafka/producer.go:85.57,86.18 1 1
github.com/ace-platform/clearing-engine/internal/kafka/producer.go:86.18,88.4 1 1
github.com/ace-platform/clearing-engine/internal/kafka/producer.go:90.3,90.18 1 1
github.com/ace-platform/clearing-engine/internal/kafka/producer.go:90.18,91.50 1 1
github.com/ace-platform/clearing-engine/internal/kafka/producer.go:91.50,93.13 2 1
github.com/ace-platform/clearing-engine/internal/kafka/producer.go:97.3,98.17 2 1
github.com/ace-platform/clearing-engine/internal/kafka/producer.go:98.17,100.4 1 1
github.com/ace-platform/clearing-engine/internal/kafka/producer.go:102.3,108.16 2 1
github.com/ace-platform/clearing-engine/internal/kafka/producer.go:108.16,109.11 1 1
github.com/ace-platform/clearing-engine/internal/kafka/producer.go:110.19,110.19 0 1
github.com/ace-platform/clearing-engine/internal/kafka/producer.go:111.12,113.13 2 1
github.com/ace-platform/clearing-engine/internal/kafka/producer.go:116.3,116.13 1 1
github.com/ace-platform/clearing-engine/internal/kafka/producer.go:118.2,118.112 1 1
github.com/ace-platform/clearing-engine/internal/kafka/producer.go:122.41,126.30 4 1
github.com/ace-platform/clearing-engine/internal/kafka/producer.go:126.30,128.3 1 0
github.com/ace-platform/clearing-engine/internal/kafka/producer.go:129.2,129.12 1 1
github.com/ace-platform/clearing-engine/internal/kafka/producer.go:133.58,137.15 4 1
github.com/ace-platform/clearing-engine/internal/kafka/producer.go:137.15,139.3 1 1
github.com/ace-platform/clearing-engine/internal/kafka/producer.go:140.2,141.6 2 1
github.com/ace-platform/clearing-engine/internal/kafka/producer.go:141.6,142.10 1 1
github.com/ace-platform/clearing-engine/internal/kafka/producer.go:143.22,144.11 1 1
github.com/ace-platform/clearing-engine/internal/kafka/producer.go:144.11,146.5 1 0
github.com/ace-platform/clearing-engine/internal/kafka/producer.go:147.4,147.26 1 1
github.com/ace-platform/clearing-engine/internal/kafka/producer.go:148.11,149.15 1 1
github.com/ace-platform/clearing-engine/internal/kafka/wiring.go:51.101,53.16 2 1
github.com/ace-platform/clearing-engine/internal/kafka/wiring.go:53.16,55.3 1 0
github.com/ace-platform/clearing-engine/internal/kafka/wiring.go:56.2,56.67 1 1
github.com/ace-platform/clearing-engine/internal/kafka/wiring.go:63.53,64.54 1 1
github.com/ace-platform/clearing-engine/internal/kafka/wiring.go:64.54,66.65 2 1
github.com/ace-platform/clearing-engine/internal/kafka/wiring.go:66.65,68.4 1 0
github.com/ace-platform/clearing-engine/internal/kafka/wiring.go:69.3,69.47 1 1
github.com/ace-platform/clearing-engine/internal/kafka/wiring.go:74.79,77.2 2 1
github.com/ace-platform/clearing-engine/internal/position/manager.go:24.28,28.2 1 1
github.com/ace-platform/clearing-engine/internal/position/manager.go:34.80,35.29 1 1
github.com/ace-platform/clearing-engine/internal/position/manager.go:35.29,37.3 1 1
github.com/ace-platform/clearing-engine/internal/position/manager.go:38.2,38.23 1 1
github.com/ace-platform/clearing-engine/internal/position/manager.go:38.23,40.3 1 1
github.com/ace-platform/clearing-engine/internal/position/manager.go:42.2,51.13 5 1
github.com/ace-platform/clearing-engine/internal/position/manager.go:51.13,59.3 2 1
github.com/ace-platform/clearing-engine/internal/position/manager.go:61.2,62.32 2 1
github.com/ace-platform/clearing-engine/internal/position/manager.go:62.32,65.3 2 1
github.com/ace-platform/clearing-engine/internal/position/manager.go:65.8,67.3 1 1
github.com/ace-platform/clearing-engine/internal/position/manager.go:69.2,73.73 3 1
github.com/ace-platform/clearing-engine/internal/position/manager.go:73.73,76.34 2 1
github.com/ace-platform/clearing-engine/internal/position/manager.go:76.34,78.4 1 1
github.com/ace-platform/clearing-engine/internal/position/manager.go:78.9,80.4 1 1
github.com/ace-platform/clearing-engine/internal/position/manager.go:83.3,85.17 3 1
github.com/ace-platform/clearing-engine/internal/position/manager.go:85.17,88.4 1 1
github.com/ace-platform/clearing-engine/internal/position/manager.go:89.3,89.45 1 1
github.com/ace-platform/clearing-engine/internal/position/manager.go:93.2,93.17 1 1
github.com/ace-platform/clearing-engine/internal/position/manager.go:93.17,96.3 1 1
github.com/ace-platform/clearing-engine/internal/position/manager.go:96.8,96.65 1 1
github.com/ace-platform/clearing-engine/internal/position/manager.go:96.65,98.18 1 1
github.com/ace-platform/clearing-engine/internal/position/manager.go:98.18,100.4 1 1
github.com/ace-platform/clearing-engine/internal/position/manager.go:100.9,108.4 5 1
github.com/ace-platform/clearing-engine/internal/position/manager.go:109.8,109.92 1 1
github.com/ace-platform/clearing-engine/internal/position/manager.go:109.92,112.3 1 1
github.com/ace-platform/clearing-engine/internal/position/manager.go:115.2,118.17 3 1
github.com/ace-platform/clearing-engine/internal/position/manager.go:122.82,128.9 5 1
github.com/ace-platform/clearing-engine/internal/position/manager.go:128.9,130.3 1 1
github.com/ace-platform/clearing-engine/internal/position/manager.go:131.2,131.19 1 0
github.com/ace-platform/clearing-engine/internal/position/manager.go:135.65,140.34 4 1
github.com/ace-platform/clearing-engine/internal/position/manager.go:140.34,141.39 1 1
github.com/ace-platform/clearing-engine/internal/position/manager.go:141.39,143.4 1 1
github.com/ace-platform/clearing-engine/internal/position/manager.go:145.2,145.15 1 1
github.com/ace-platform/clearing-engine/internal/position/manager.go:149.73,154.34 4 1
github.com/ace-platform/clearing-engine/internal/position/manager.go:154.34,155.37 1 1
github.com/ace-platform/clearing-engine/internal/position/manager.go:155.37,157.4 1 1
github.com/ace-platform/clearing-engine/internal/position/manager.go:159.2,159.15 1 1
github.com/ace-platform/clearing-engine/internal/position/manager.go:162.27,163.11 1 1
github.com/ace-platform/clearing-engine/internal/position/manager.go:163.11,165.3 1 1
github.com/ace-platform/clearing-engine/internal/position/manager.go:166.2,166.10 1 1
github.com/ace-platform/clearing-engine/internal/server/config.go:15.29,22.2 1 0
github.com/ace-platform/clearing-engine/internal/server/config.go:24.29,27.42 2 0
github.com/ace-platform/clearing-engine/internal/server/config.go:27.42,28.47 1 0
github.com/ace-platform/clearing-engine/internal/server/config.go:28.47,30.4 1 0
github.com/ace-platform/clearing-engine/internal/server/config.go:32.2,32.44 1 0
github.com/ace-platform/clearing-engine/internal/server/config.go:32.44,33.47 1 0
github.com/ace-platform/clearing-engine/internal/server/config.go:33.47,35.4 1 0
github.com/ace-platform/clearing-engine/internal/server/config.go:37.2,37.45 1 0
github.com/ace-platform/clearing-engine/internal/server/config.go:37.45,39.3 1 0
github.com/ace-platform/clearing-engine/internal/server/config.go:40.2,40.54 1 0
github.com/ace-platform/clearing-engine/internal/server/config.go:40.54,42.3 1 0
github.com/ace-platform/clearing-engine/internal/server/config.go:43.2,43.12 1 0
github.com/ace-platform/clearing-engine/internal/server/server.go:22.56,27.2 1 0
github.com/ace-platform/clearing-engine/internal/server/server.go:29.29,31.2 1 0
github.com/ace-platform/clearing-engine/internal/server/server.go:34.80,36.2 1 0
github.com/ace-platform/clearing-engine/internal/server/server.go:39.89,41.2 1 0
github.com/ace-platform/clearing-engine/internal/server/server.go:44.70,46.2 1 0
github.com/ace-platform/clearing-engine/internal/server/server.go:49.57,51.2 1 0
github.com/ace-platform/clearing-engine/internal/server/server.go:54.44,57.74 2 0
github.com/ace-platform/clearing-engine/internal/server/server.go:57.74,60.3 2 0
github.com/ace-platform/clearing-engine/internal/server/server.go:62.2,62.73 1 0
github.com/ace-platform/clearing-engine/internal/server/server.go:62.73,63.21 1 0
github.com/ace-platform/clearing-engine/internal/server/server.go:63.21,66.4 2 0
github.com/ace-platform/clearing-engine/internal/server/server.go:66.9,69.4 2 0
github.com/ace-platform/clearing-engine/internal/server/server.go:72.2,72.76 1 0
github.com/ace-platform/clearing-engine/internal/server/server.go:72.76,74.26 2 0
github.com/ace-platform/clearing-engine/internal/server/server.go:74.26,77.4 2 0
github.com/ace-platform/clearing-engine/internal/server/server.go:78.3,80.39 3 0
github.com/ace-platform/clearing-engine/internal/server/server.go:83.2,83.74 1 0
github.com/ace-platform/clearing-engine/internal/server/server.go:83.74,87.3 3 0
github.com/ace-platform/clearing-engine/internal/server/server.go:89.2,90.39 2 0
github.com/ace-platform/clearing-engine/internal/server/server.go:94.53,97.2 2 0
github.com/ace-platform/clearing-engine/internal/store/store.go:29.60,35.2 1 1
github.com/ace-platform/clearing-engine/internal/store/store.go:37.78,47.2 8 1
github.com/ace-platform/clearing-engine/internal/store/store.go:49.86,53.2 3 1
github.com/ace-platform/clearing-engine/internal/store/store.go:55.98,59.2 3 1
github.com/ace-platform/clearing-engine/internal/store/store.go:61.96,65.2 3 1
github.com/ace-platform/clearing-engine/internal/store/store.go:67.100,71.36 4 1
github.com/ace-platform/clearing-engine/internal/store/store.go:71.36,72.27 1 1
github.com/ace-platform/clearing-engine/internal/store/store.go:72.27,74.4 1 1
github.com/ace-platform/clearing-engine/internal/store/store.go:76.2,76.15 1 1
github.com/ace-platform/clearing-engine/internal/store/store.go:79.68,85.2 5 1
github.com/ace-platform/clearing-engine/internal/store/store.go:87.45,91.2 3 1
github.com/ace-platform/clearing-engine/internal/store/store.go:93.84,95.30 2 1
github.com/ace-platform/clearing-engine/internal/store/store.go:95.30,97.3 1 1
github.com/ace-platform/clearing-engine/internal/store/store.go:98.2,98.15 1 1
github.com/ace-platform/clearing-engine/internal/types/clearing.go:13.31,14.18 1 1
github.com/ace-platform/clearing-engine/internal/types/clearing.go:14.18,16.3 1 1
github.com/ace-platform/clearing-engine/internal/types/clearing.go:17.2,17.15 1 1
github.com/ace-platform/clearing-engine/internal/types/clearing.go:20.31,21.18 1 1
github.com/ace-platform/clearing-engine/internal/types/clearing.go:21.18,23.3 1 1
github.com/ace-platform/clearing-engine/internal/types/clearing.go:24.2,24.16 1 1
github.com/ace-platform/clearing-engine/internal/types/clearing.go:55.41,56.11 1 1
github.com/ace-platform/clearing-engine/internal/types/clearing.go:57.29,58.19 1 1
github.com/ace-platform/clearing-engine/internal/types/clearing.go:59.29,60.19 1 1
github.com/ace-platform/clearing-engine/internal/types/clearing.go:61.28,62.18 1 1
github.com/ace-platform/clearing-engine/internal/types/clearing.go:63.29,64.19 1 1
github.com/ace-platform/clearing-engine/internal/types/clearing.go:65.30,66.20 1 1
github.com/ace-platform/clearing-engine/internal/types/clearing.go:67.10,68.19 1 1
github.com/ace-platform/clearing-engine/internal/types/clearing.go:101.34,101.62 1 1
github.com/ace-platform/clearing-engine/internal/types/clearing.go:104.35,104.63 1 1
github.com/ace-platform/clearing-engine/internal/types/clearing.go:107.34,107.63 1 1
github.com/ace-platform/clearing-engine/internal/types/clearing.go:123.53,125.16 2 1
github.com/ace-platform/clearing-engine/internal/types/clearing.go:125.16,127.3 1 1
github.com/ace-platform/clearing-engine/internal/types/clearing.go:128.2,129.34 2 1
github.com/ace-platform/clearing-engine/internal/types/clearing.go:132.27,133.11 1 1
github.com/ace-platform/clearing-engine/internal/types/clearing.go:133.11,135.3 1 1
github.com/ace-platform/clearing-engine/internal/types/clearing.go:136.2,136.10 1 1
github.com/ace-platform/clearing-engine/internal/types/decimal.go:18.56,20.2 1 1
github.com/ace-platform/clearing-engine/internal/types/decimal.go:22.38,24.2 1 1
github.com/ace-platform/clearing-engine/internal/types/decimal.go:26.28,28.2 1 1
github.com/ace-platform/clearing-engine/internal/types/decimal.go:30.40,32.2 1 1
github.com/ace-platform/clearing-engine/internal/types/decimal.go:34.46,36.13 2 1
github.com/ace-platform/clearing-engine/internal/types/decimal.go:36.13,38.3 1 1
github.com/ace-platform/clearing-engine/internal/types/decimal.go:40.2,41.31 2 1
github.com/ace-platform/clearing-engine/internal/types/decimal.go:41.31,44.3 2 1
github.com/ace-platform/clearing-engine/internal/types/decimal.go:46.2,48.16 3 1
github.com/ace-platform/clearing-engine/internal/types/decimal.go:48.16,50.3 1 1
github.com/ace-platform/clearing-engine/internal/types/decimal.go:52.2,53.21 2 1
github.com/ace-platform/clearing-engine/internal/types/decimal.go:53.21,55.23 2 1
github.com/ace-platform/clearing-engine/internal/types/decimal.go:55.23,57.4 1 1
github.com/ace-platform/clearing-engine/internal/types/decimal.go:58.3,58.24 1 1
github.com/ace-platform/clearing-engine/internal/types/decimal.go:58.24,60.4 1 1
github.com/ace-platform/clearing-engine/internal/types/decimal.go:61.3,62.17 2 1
github.com/ace-platform/clearing-engine/internal/types/decimal.go:62.17,64.4 1 1
github.com/ace-platform/clearing-engine/internal/types/decimal.go:67.2,68.14 2 1
github.com/ace-platform/clearing-engine/internal/types/decimal.go:68.14,70.3 1 1
github.com/ace-platform/clearing-engine/internal/types/decimal.go:71.2,71.33 1 1
github.com/ace-platform/clearing-engine/internal/types/decimal.go:74.34,74.52 1 1
github.com/ace-platform/clearing-engine/internal/types/decimal.go:75.34,75.57 1 1
github.com/ace-platform/clearing-engine/internal/types/decimal.go:76.34,76.56 1 1
github.com/ace-platform/clearing-engine/internal/types/decimal.go:77.35,77.70 1 1
github.com/ace-platform/clearing-engine/internal/types/decimal.go:79.45,81.2 1 1
github.com/ace-platform/clearing-engine/internal/types/decimal.go:83.45,85.2 1 1
github.com/ace-platform/clearing-engine/internal/types/decimal.go:87.48,89.2 1 1
github.com/ace-platform/clearing-engine/internal/types/decimal.go:91.32,92.17 1 1
github.com/ace-platform/clearing-engine/internal/types/decimal.go:92.17,94.3 1 1
github.com/ace-platform/clearing-engine/internal/types/decimal.go:95.2,95.10 1 1
github.com/ace-platform/clearing-engine/internal/types/decimal.go:98.41,99.27 1 1
github.com/ace-platform/clearing-engine/internal/types/decimal.go:99.27,101.3 1 1
github.com/ace-platform/clearing-engine/internal/types/decimal.go:102.2,102.27 1 1
github.com/ace-platform/clearing-engine/internal/types/decimal.go:102.27,104.3 1 1
github.com/ace-platform/clearing-engine/internal/types/decimal.go:105.2,105.10 1 1
github.com/ace-platform/clearing-engine/internal/types/decimal.go:108.50,108.82 1 1
github.com/ace-platform/clearing-engine/internal/types/decimal.go:109.51,109.83 1 1
github.com/ace-platform/clearing-engine/internal/types/decimal.go:110.51,110.84 1 1
github.com/ace-platform/clearing-engine/internal/types/decimal.go:112.34,115.14 3 1
github.com/ace-platform/clearing-engine/internal/types/decimal.go:115.14,117.3 1 1
github.com/ace-platform/clearing-engine/internal/types/decimal.go:118.2,122.14 4 1
github.com/ace-platform/clearing-engine/internal/types/decimal.go:122.14,124.3 1 1
github.com/ace-platform/clearing-engine/internal/types/decimal.go:125.2,125.19 1 1
github.com/ace-platform/clearing-engine/internal/types/decimal.go:125.19,127.3 1 1
github.com/ace-platform/clearing-engine/internal/types/decimal.go:128.2,130.55 3 1
